1945:C 25 Mar 2025 20:41:04.751 # oO0OoO0OoO0Oo Redis is starting oO0OoO0OoO0Oo
1945:C 25 Mar 2025 20:41:04.751 # Redis version=5.0.7, bits=64, commit=00000000, modified=0, pid=1945, just started
1945:C 25 Mar 2025 20:41:04.751 # Configuration loaded
1945:M 25 Mar 2025 20:41:04.758 * Running mode=standalone, port=6379.
1945:M 25 Mar 2025 20:41:04.758 # Server initialized
1945:M 25 Mar 2025 20:41:04.759 # WARNING you have Transparent Huge Pages (THP) support enabled in your kernel. This will create latency and memory usage issues with Redis. To fix this issue run the command 'echo never > /sys/kernel/mm/transparent_hugepage/enabled' as root, and add it to your /etc/rc.local in order to retain the setting after a reboot. Redis must be restarted after THP is disabled.
1945:M 25 Mar 2025 20:41:04.759 * Ready to accept connections
1945:M 25 Mar 2025 20:41:46.520 * 1 changes in 15 seconds. Saving...
1945:M 25 Mar 2025 20:41:46.521 * Background saving started by pid 2325
2325:C 25 Mar 2025 20:41:46.525 * DB saved on disk
2325:C 25 Mar 2025 20:41:46.527 * RDB: 0 MB of memory used by copy-on-write
1945:M 25 Mar 2025 20:41:46.631 * Background saving terminated with success
1945:M 25 Mar 2025 20:42:02.010 * 1 changes in 15 seconds. Saving...
1945:M 25 Mar 2025 20:42:02.010 * Background saving started by pid 2345
2345:C 25 Mar 2025 20:42:02.017 * DB saved on disk
2345:C 25 Mar 2025 20:42:02.018 * RDB: 0 MB of memory used by copy-on-write
1945:M 25 Mar 2025 20:42:02.112 * Background saving terminated with success
1945:M 25 Mar 2025 20:42:31.246 * 1 changes in 15 seconds. Saving...
1945:M 25 Mar 2025 20:42:31.255 * Background saving started by pid 2370
2370:C 25 Mar 2025 20:42:31.286 * DB saved on disk
2370:C 25 Mar 2025 20:42:31.291 * RDB: 0 MB of memory used by copy-on-write
1945:M 25 Mar 2025 20:42:31.365 * Background saving terminated with success
1945:M 25 Mar 2025 20:43:44.950 * 1 changes in 15 seconds. Saving...
1945:M 25 Mar 2025 20:43:44.951 * Background saving started by pid 2413
2413:C 25 Mar 2025 20:43:44.957 * DB saved on disk
2413:C 25 Mar 2025 20:43:44.958 * RDB: 0 MB of memory used by copy-on-write
1945:M 25 Mar 2025 20:43:45.053 * Background saving terminated with success
1945:M 25 Mar 2025 20:55:47.742 * 1 changes in 15 seconds. Saving...
1945:M 25 Mar 2025 20:55:47.748 * Background saving started by pid 2906
2906:C 25 Mar 2025 20:55:47.761 * DB saved on disk
2906:C 25 Mar 2025 20:55:47.764 * RDB: 0 MB of memory used by copy-on-write
1945:M 25 Mar 2025 20:55:47.850 * Background saving terminated with success
1945:M 25 Mar 2025 20:56:03.099 * 1 changes in 15 seconds. Saving...
1945:M 25 Mar 2025 20:56:03.100 * Background saving started by pid 2919
2919:C 25 Mar 2025 20:56:03.105 * DB saved on disk
2919:C 25 Mar 2025 20:56:03.105 * RDB: 0 MB of memory used by copy-on-write
1945:M 25 Mar 2025 20:56:03.201 * Background saving terminated with success
1945:M 25 Mar 2025 20:57:17.741 * 1 changes in 15 seconds. Saving...
1945:M 25 Mar 2025 20:57:17.742 * Background saving started by pid 2973
2973:C 25 Mar 2025 20:57:17.748 * DB saved on disk
2973:C 25 Mar 2025 20:57:17.748 * RDB: 0 MB of memory used by copy-on-write
1945:M 25 Mar 2025 20:57:17.843 * Background saving terminated with success
1945:M 25 Mar 2025 20:57:33.092 * 1 changes in 15 seconds. Saving...
1945:M 25 Mar 2025 20:57:33.093 * Background saving started by pid 3007
3007:C 25 Mar 2025 20:57:33.102 * DB saved on disk
3007:C 25 Mar 2025 20:57:33.102 * RDB: 0 MB of memory used by copy-on-write
1945:M 25 Mar 2025 20:57:33.194 * Background saving terminated with success
1945:M 25 Mar 2025 21:11:55.107 * 1 changes in 15 seconds. Saving...
1945:M 25 Mar 2025 21:11:55.110 * Background saving started by pid 3582
3582:C 25 Mar 2025 21:11:55.118 * DB saved on disk
3582:C 25 Mar 2025 21:11:55.118 * RDB: 0 MB of memory used by copy-on-write
1945:M 25 Mar 2025 21:11:55.211 * Background saving terminated with success
